<?xml version="1.0" encoding="UTF-8"?>
<testng-results ignored="0" total="1" passed="1" failed="0" skipped="0">
  <reporter-output>
  </reporter-output>
  <suite started-at="2024-08-13T12:51:14 BST" name="Default suite" finished-at="2024-08-13T12:54:18 BST" duration-ms="184080">
    <groups>
    </groups>
    <test started-at="2024-08-13T12:51:14 BST" name="Default test" finished-at="2024-08-13T12:54:18 BST" duration-ms="184080">
      <class name="com.SQLSecurityProbe.test.SqlInjectionTest">
        <test-method is-config="true" signature="setUp()[pri:0, instance:com.SQLSecurityProbe.test.SqlInjectionTest@37d4349f]" started-at="2024-08-13T12:51:14 BST" name="setUp" finished-at="2024-08-13T12:51:17 BST" duration-ms="2805" status="PASS">
          <reporter-output>
          </reporter-output>
        </test-method> <!-- setUp -->
        <test-method signature="sqlInjectionTest()[pri:0, instance:com.SQLSecurityProbe.test.SqlInjectionTest@37d4349f]" started-at="2024-08-13T12:51:17 BST" name="sqlInjectionTest" finished-at="2024-08-13T12:54:18 BST" duration-ms="181099" status="PASS">
          <reporter-output>
          </reporter-output>
        </test-method> <!-- sqlInjectionTest -->
        <test-method is-config="true" signature="tearDown()[pri:0, instance:com.SQLSecurityProbe.test.SqlInjectionTest@37d4349f]" started-at="2024-08-13T12:54:18 BST" name="tearDown" finished-at="2024-08-13T12:54:18 BST" duration-ms="144" status="PASS">
          <reporter-output>
          </reporter-output>
        </test-method> <!-- tearDown -->
      </class> <!-- com.SQLSecurityProbe.test.SqlInjectionTest -->
    </test> <!-- Default test -->
  </suite> <!-- Default suite -->
</testng-results>
